TN:
SF:script/Counter.s.sol
FN:7,CounterScript.setUp
FNDA:0,CounterScript.setUp
FN:9,CounterScript.run
FNDA:0,CounterScript.run
DA:10,0
FNF:2
FNH:0
LF:1
LH:0
BRF:0
BRH:0
end_of_record
TN:
SF:src/Counter.sol
FN:7,Counter.setNumber
FNDA:258,Counter.setNumber
DA:8,258
FN:11,Counter.increment
FNDA:1,Counter.increment
DA:12,1
FNF:2
FNH:2
LF:2
LH:2
BRF:0
BRH:0
end_of_record
TN:
SF:src/TokenizedVickeryAuction.sol
FN:80,TokenizedVickeryAuction.createAuction
FNDA:20,TokenizedVickeryAuction.createAuction
DA:89,20
DA:91,20
BRDA:91,0,0,-
BRDA:91,0,1,20
DA:92,0
DA:93,20
BRDA:93,1,0,-
BRDA:93,1,1,20
DA:94,0
DA:96,20
BRDA:96,2,0,-
BRDA:96,2,1,20
DA:97,0
DA:99,20
BRDA:99,3,0,-
BRDA:99,3,1,20
DA:100,0
DA:103,20
DA:104,20
DA:105,20
DA:106,20
DA:108,20
DA:112,20
DA:113,20
DA:115,20
DA:117,20
DA:118,20
DA:121,20
DA:122,20
FN:134,TokenizedVickeryAuction.commitBid
FNDA:26,TokenizedVickeryAuction.commitBid
DA:135,26
BRDA:135,4,0,-
BRDA:135,4,1,26
DA:136,0
DA:139,26
DA:142,26
DA:143,25
BRDA:141,5,0,3
BRDA:141,5,1,23
DA:145,3
DA:148,23
DA:149,23
DA:151,23
BRDA:151,6,0,21
BRDA:151,6,1,23
DA:152,21
DA:154,23
DA:155,23
BRDA:155,7,0,-
BRDA:155,7,1,23
DA:156,23
DA:157,23
FN:167,TokenizedVickeryAuction.revealBid
FNDA:14,TokenizedVickeryAuction.revealBid
DA:168,14
DA:171,14
DA:172,14
BRDA:170,8,0,1
BRDA:170,8,1,13
DA:174,1
DA:177,13
DA:178,13
DA:181,13
DA:188,13
BRDA:188,9,0,2
BRDA:188,9,1,11
DA:189,2
DA:192,11
DA:193,11
DA:196,11
DA:197,11
BRDA:197,10,0,-
BRDA:197,10,1,1
DA:199,1
DA:201,1
DA:204,10
DA:205,10
BRDA:205,11,0,9
BRDA:205,11,1,1
DA:206,9
DA:207,9
DA:208,9
DA:210,1
BRDA:210,12,0,-
BRDA:210,12,1,1
DA:211,0
DA:214,1
DA:216,1
FN:228,TokenizedVickeryAuction.endAuction
FNDA:5,TokenizedVickeryAuction.endAuction
DA:229,5
DA:230,5
BRDA:230,13,0,-
BRDA:230,13,1,5
DA:231,0
DA:234,5
BRDA:234,14,0,1
BRDA:234,14,1,4
DA:235,1
DA:236,4
BRDA:236,15,0,1
BRDA:236,15,1,1
DA:237,2
BRDA:237,16,0,1
BRDA:237,16,1,1
DA:239,1
DA:243,3
DA:244,3
BRDA:244,17,0,-
BRDA:244,17,1,1
DA:246,1
DA:249,2
DA:250,2
DA:251,2
DA:255,2
DA:256,2
DA:257,2
DA:258,2
BRDA:258,18,0,-
BRDA:258,18,1,2
DA:259,2
FN:271,TokenizedVickeryAuction.withdrawCollateral
FNDA:2,TokenizedVickeryAuction.withdrawCollateral
DA:272,2
DA:273,2
DA:274,2
BRDA:274,19,0,-
BRDA:274,19,1,2
DA:275,0
DA:278,2
DA:279,2
BRDA:279,20,0,1
BRDA:279,20,1,1
DA:280,1
DA:283,1
BRDA:283,21,0,-
BRDA:283,21,1,1
DA:286,1
BRDA:286,22,0,-
BRDA:286,22,1,1
DA:287,0
DA:291,1
DA:292,1
DA:293,1
FN:299,TokenizedVickeryAuction.getAuction
FNDA:36,TokenizedVickeryAuction.getAuction
DA:300,36
FNF:6
FNH:6
LF:92
LH:83
BRF:46
BRH:32
end_of_record
TN:
SF:test/TestERC20.sol
FN:7,TestERC20.mint
FNDA:63,TestERC20.mint
DA:8,63
DA:9,63
FN:13,TestERC20.transferFrom
FNDA:50,TestERC20.transferFrom
DA:14,50
DA:15,50
DA:16,50
FNF:2
FNH:2
LF:5
LH:5
BRF:0
BRH:0
end_of_record
TN:
SF:test/TestERC721.sol
FN:7,TestERC721.mint
FNDA:21,TestERC721.mint
DA:8,21
FNF:1
FNH:1
LF:1
LH:1
BRF:0
BRH:0
end_of_record
